Update Managed Component C1 From CMP-001-00046-9[TAJC107K016RNJ] To CMP-001-00046-9[TAJC107K016RNJ] in Bpod Controller.SchDoc
Update Managed Component C2 From CMP-001-00046-9[TAJC107K016RNJ] To CMP-001-00046-9[TAJC107K016RNJ] in Bpod Controller.SchDoc
Update Managed Component C3 From CMP-001-00046-9[TAJC107K016RNJ] To CMP-001-00046-9[TAJC107K016RNJ] in Bpod Controller.SchDoc
Update Managed Component C4 From CMP-001-00046-9[TAJC107K016RNJ] To CMP-001-00046-9[TAJC107K016RNJ] in Bpod Controller.SchDoc
Update Managed Component J1 From CMP-00027-00002-4[PJ-102AH] To CMP-00027-00002-4[PJ-102AH] in Bpod Controller.SchDoc
Update Managed Component J2 From CMP-00027-00002-4[PJ-102AH] To CMP-00027-00002-4[PJ-102AH] in Bpod Controller.SchDoc
Update Managed Component J3 From CMP-00027-00002-4[PJ-102AH] To CMP-00027-00002-4[PJ-102AH] in Bpod Controller.SchDoc
Update Managed Component J4 From CMP-002-00096-4[5569118-1] To CMP-002-00096-4[5569118-1] in Bpod Controller.SchDoc
Update Managed Component JP1 From CMP-002-00095-3[SL 2 025 2 S] To CMP-002-00095-3[Jumper (Fischer SL 2 025 2 S)] in Bpod Controller.SchDoc
Update Managed Component P1 From CMP-002-00093-2[282825-2] To CMP-002-00093-2[282825-2] in Bpod Controller.SchDoc
Update Managed Component P2 From CMP-002-00093-2[282825-2] To CMP-002-00093-2[282825-2] in Bpod Controller.SchDoc
Update Managed Component P3 From CMP-002-00093-2[282825-2] To CMP-002-00093-2[282825-2] in Bpod Controller.SchDoc
Update Managed Component P4 From CMP-002-00093-2[282825-2] To CMP-002-00093-2[282825-2] in Bpod Controller.SchDoc
Update Managed Component P5 From CMP-002-00093-2[282825-2] To CMP-002-00093-2[282825-2] in Bpod Controller.SchDoc
Update Managed Component P6 From CMP-002-00093-2[282825-2] To CMP-002-00093-2[282825-2] in Bpod Controller.SchDoc
Update Managed Component P7 From CMP-002-00093-2[282825-2] To CMP-002-00093-2[282825-2] in Bpod Controller.SchDoc
Update Managed Component P8 From CMP-002-00090-2[282825-4] To CMP-002-00090-2[282825-4] in Bpod Controller.SchDoc
Update Managed Component P9 From CMP-002-00090-2[282825-4] To CMP-002-00090-2[282825-4] in Bpod Controller.SchDoc
Update Managed Component P10 From CMP-002-00090-2[282825-4] To CMP-002-00090-2[282825-4] in Bpod Controller.SchDoc
Update Managed Component P11 From CMP-002-00090-2[282825-4] To CMP-002-00090-2[282825-4] in Bpod Controller.SchDoc
Update Managed Component P12 From CMP-002-00091-3[282825-5] To CMP-002-00091-3[282825-5] in Bpod Controller.SchDoc
Update Managed Component P13 From CMP-002-00092-3[282825-6] To CMP-002-00092-3[282825-6] in Bpod Controller.SchDoc
Update Managed Component P14 From CMP-002-00092-3[282825-6] To CMP-002-00092-3[282825-6] in Bpod Controller.SchDoc
Update Managed Component P15 From CMP-002-00091-3[282825-5] To CMP-002-00091-3[282825-5] in Bpod Controller.SchDoc
Update Managed Component P16 From CMP-002-00091-3[282825-5] To CMP-002-00091-3[282825-5] in Bpod Controller.SchDoc
Update Managed Component P17 From CMP-002-00093-2[282825-2] To CMP-002-00093-2[282825-2] in Bpod Controller.SchDoc
Update Managed Component SW1 From CMP-011-00017-3[L102021ML04Q] To CMP-011-00017-3[L102021ML04Q] in Bpod Controller.SchDoc
Update Managed Component SW2 From CMP-011-00017-3[L102021ML04Q] To CMP-011-00017-3[L102021ML04Q] in Bpod Controller.SchDoc
Update Managed Component SW3 From CMP-011-00017-3[L102021ML04Q] To CMP-011-00017-3[L102021ML04Q] in Bpod Controller.SchDoc
Update Managed Component U1 From CMP-00000-5[Teensy 3.2] To CMP-00000-5[Teensy 3.2] in Bpod Controller.SchDoc
Update Managed Component U2 From CMP-00024-00007-1[DRV8834] To CMP-00024-00007-1[DRV8834] in Bpod Controller.SchDoc
Update Managed Component U3 From CMP-00024-00007-1[DRV8834] To CMP-00024-00007-1[DRV8834] in Bpod Controller.SchDoc
Update Managed Component U4 From CMP-00024-00007-1[DRV8834] To CMP-00024-00007-1[DRV8834] in Bpod Controller.SchDoc
Update Managed Component U5 From CMP-00024-00007-1[DRV8834] To CMP-00024-00007-1[DRV8834] in Bpod Controller.SchDoc
Update Managed Component U6 From CMP-00027-00003-5[987] To CMP-00027-00003-5[987] in Bpod Controller.SchDoc
