Update Managed Component C? From CMP-001-00046-9[TAJC107K016RNJ] To CMP-001-00046-9[TAJC107K016RNJ] in Bpod Controller.SchDoc
Update Managed Component C? From CMP-001-00046-9[TAJC107K016RNJ] To CMP-001-00046-9[TAJC107K016RNJ] in Bpod Controller.SchDoc
Update Managed Component C? From CMP-001-00046-9[TAJC107K016RNJ] To CMP-001-00046-9[TAJC107K016RNJ] in Bpod Controller.SchDoc
Update Managed Component C? From CMP-001-00046-9[TAJC107K016RNJ] To CMP-001-00046-9[TAJC107K016RNJ] in Bpod Controller.SchDoc
Update Managed Component J* From CMP-002-00096-3[5569118-1] To CMP-002-00096-3[5569118-1] in Bpod Controller.SchDoc
Update Managed Component J? From CMP-00027-00002-1[PJ-102AH] To CMP-00027-00002-1[PJ-102AH] in Bpod Controller.SchDoc
Update Managed Component J? From CMP-00027-00002-1[PJ-102AH] To CMP-00027-00002-1[PJ-102AH] in Bpod Controller.SchDoc
Update Managed Component J? From CMP-00027-00002-1[PJ-102AH] To CMP-00027-00002-1[PJ-102AH] in Bpod Controller.SchDoc
Update Managed Component JP* From CMP-002-00095-2[SL 2 025 2 S] To CMP-002-00095-2[SL 2 025 2 S] in Bpod Controller.SchDoc
Update Managed Component P* From CMP-002-00092-2[282825-6] To CMP-002-00092-2[282825-6] in Bpod Controller.SchDoc
Update Managed Component P* From CMP-002-00092-2[282825-6] To CMP-002-00092-2[282825-6] in Bpod Controller.SchDoc
Update Managed Component P* From CMP-002-00091-2[282825-5] To CMP-002-00091-2[282825-5] in Bpod Controller.SchDoc
Update Managed Component P* From CMP-002-00091-2[282825-5] To CMP-002-00091-2[282825-5] in Bpod Controller.SchDoc
Update Managed Component P* From CMP-002-00090-2[282825-4] To CMP-002-00090-2[282825-4] in Bpod Controller.SchDoc
Update Managed Component P* From CMP-002-00090-2[282825-4] To CMP-002-00090-2[282825-4] in Bpod Controller.SchDoc
Update Managed Component P* From CMP-002-00090-2[282825-4] To CMP-002-00090-2[282825-4] in Bpod Controller.SchDoc
Update Managed Component P* From CMP-002-00090-2[282825-4] To CMP-002-00090-2[282825-4] in Bpod Controller.SchDoc
Update Managed Component P* From CMP-002-00091-2[282825-5] To CMP-002-00091-2[282825-5] in Bpod Controller.SchDoc
Update Managed Component P* From CMP-002-00093-1[282825-2] To CMP-002-00093-1[282825-2] in Bpod Controller.SchDoc
Update Managed Component P* From CMP-002-00093-1[282825-2] To CMP-002-00093-1[282825-2] in Bpod Controller.SchDoc
Update Managed Component P* From CMP-002-00093-1[282825-2] To CMP-002-00093-1[282825-2] in Bpod Controller.SchDoc
Update Managed Component P* From CMP-002-00093-1[282825-2] To CMP-002-00093-1[282825-2] in Bpod Controller.SchDoc
Update Managed Component P* From CMP-002-00093-1[282825-2] To CMP-002-00093-1[282825-2] in Bpod Controller.SchDoc
Update Managed Component P* From CMP-002-00093-1[282825-2] To CMP-002-00093-1[282825-2] in Bpod Controller.SchDoc
Update Managed Component P* From CMP-002-00093-1[282825-2] To CMP-002-00093-1[282825-2] in Bpod Controller.SchDoc
Update Managed Component P* From CMP-002-00093-1[282825-2] To CMP-002-00093-1[282825-2] in Bpod Controller.SchDoc
Update Managed Component SW* From CMP-011-00017-1[L102021ML04Q] To CMP-011-00017-1[L102021ML04Q] in Bpod Controller.SchDoc
Update Managed Component SW* From CMP-011-00017-1[L102021ML04Q] To CMP-011-00017-1[L102021ML04Q] in Bpod Controller.SchDoc
Update Managed Component SW* From CMP-011-00017-1[L102021ML04Q] To CMP-011-00017-1[L102021ML04Q] in Bpod Controller.SchDoc
Update Managed Component U* From CMP-00024-00006-3[DRV8825 STEPPER MOTOR DRIVER CARRIER] To CMP-00024-00006-3[DRV8825 STEPPER MOTOR DRIVER CARRIER] in Bpod Controller.SchDoc
Update Managed Component U* From CMP-00024-00006-3[DRV8825 STEPPER MOTOR DRIVER CARRIER] To CMP-00024-00006-3[DRV8825 STEPPER MOTOR DRIVER CARRIER] in Bpod Controller.SchDoc
Update Managed Component U* From CMP-00024-00006-3[DRV8825 STEPPER MOTOR DRIVER CARRIER] To CMP-00024-00006-3[DRV8825 STEPPER MOTOR DRIVER CARRIER] in Bpod Controller.SchDoc
Update Managed Component U* From CMP-00027-00003-2[987] To CMP-00027-00003-2[987] in Bpod Controller.SchDoc
Update Managed Component U* From CMP-00024-00006-3[DRV8825 STEPPER MOTOR DRIVER CARRIER] To CMP-00024-00006-3[DRV8825 STEPPER MOTOR DRIVER CARRIER] in Bpod Controller.SchDoc
Update Managed Component U? From CMP-00000-4[Teensy 3.2] To CMP-00000-4[Teensy 3.2] in Bpod Controller.SchDoc
